INFO:waitress:Serving on http://0.0.0.0:80
[MIGRATE] Starting database initialization...
[MIGRATE] [1/4] Backing up database...
[BACKUP] Saved: quiz_database_2026-04-10_02-53-01.db
[MIGRATE] [2/4] Running safe migrations...
[MIGRATE] [3/4] Creating tables...
[MIGRATE] [4/4] Seeding admin accounts...
[MIGRATE] Database initialization complete.
INFO:waitress:Serving on http://0.0.0.0:80
[MIGRATE] Starting database initialization...
[MIGRATE] [1/4] Backing up database...
[BACKUP] Saved: quiz_database_2026-04-10_02-55-30.db
[MIGRATE] [2/4] Running safe migrations...
[MIGRATE] [3/4] Creating tables...
[MIGRATE] [4/4] Seeding admin accounts...
[MIGRATE] Database initialization complete.
INFO:waitress:Serving on http://0.0.0.0:80
[MIGRATE] Starting database initialization...
[MIGRATE] [1/4] Backing up database...
[BACKUP] Saved: quiz_database_2026-04-10_02-57-50.db
[MIGRATE] [2/4] Running safe migrations...
[MIGRATE] [3/4] Creating tables...
[MIGRATE] [4/4] Seeding admin accounts...
[MIGRATE] Database initialization complete.
INFO:waitress:Serving on http://0.0.0.0:80
